{"/Users/Thierry/Workspace/camp2_exercises/03_backend_developement/10_promises/01_node_fetch/product.js": {"path":"/Users/Thierry/Workspace/camp2_exercises/03_backend_developement/10_promises/01_node_fetch/product.js","statementMap":{"0":{"start":{"line":1,"column":14},"end":{"line":1,"column":35}},"1":{"start":{"line":4,"column":2},"end":{"line":23,"column":7}},"2":{"start":{"line":8,"column":24},"end":{"line":8,"column":39}},"3":{"start":{"line":10,"column":6},"end":{"line":15,"column":8}},"4":{"start":{"line":18,"column":6},"end":{"line":18,"column":42}},"5":{"start":{"line":19,"column":6},"end":{"line":19,"column":21}},"6":{"start":{"line":22,"column":6},"end":{"line":22,"column":26}},"7":{"start":{"line":28,"column":2},"end":{"line":37,"column":7}},"8":{"start":{"line":32,"column":24},"end":{"line":32,"column":39}},"9":{"start":{"line":34,"column":6},"end":{"line":34,"column":27}},"10":{"start":{"line":36,"column":6},"end":{"line":36,"column":26}},"11":{"start":{"line":40,"column":0},"end":{"line":40,"column":51}},"12":{"start":{"line":42,"column":0},"end":{"line":45,"column":2}}},"fnMap":{"0":{"name":"getProduct","decl":{"start":{"line":3,"column":9},"end":{"line":3,"column":19}},"loc":{"start":{"line":3,"column":28},"end":{"line":24,"column":1}},"line":3},"1":{"name":"(anonymous_1)","decl":{"start":{"line":8,"column":10},"end":{"line":8,"column":11}},"loc":{"start":{"line":8,"column":24},"end":{"line":8,"column":39}},"line":8},"2":{"name":"(anonymous_2)","decl":{"start":{"line":9,"column":10},"end":{"line":9,"column":11}},"loc":{"start":{"line":9,"column":22},"end":{"line":16,"column":5}},"line":9},"3":{"name":"(anonymous_3)","decl":{"start":{"line":17,"column":10},"end":{"line":17,"column":11}},"loc":{"start":{"line":17,"column":23},"end":{"line":20,"column":5}},"line":17},"4":{"name":"(anonymous_4)","decl":{"start":{"line":21,"column":11},"end":{"line":21,"column":12}},"loc":{"start":{"line":21,"column":22},"end":{"line":23,"column":5}},"line":21},"5":{"name":"searchBrands","decl":{"start":{"line":27,"column":9},"end":{"line":27,"column":21}},"loc":{"start":{"line":27,"column":30},"end":{"line":38,"column":1}},"line":27},"6":{"name":"(anonymous_6)","decl":{"start":{"line":32,"column":10},"end":{"line":32,"column":11}},"loc":{"start":{"line":32,"column":24},"end":{"line":32,"column":39}},"line":32},"7":{"name":"(anonymous_7)","decl":{"start":{"line":33,"column":10},"end":{"line":33,"column":11}},"loc":{"start":{"line":33,"column":23},"end":{"line":34,"column":28}},"line":33},"8":{"name":"(anonymous_8)","decl":{"start":{"line":35,"column":11},"end":{"line":35,"column":12}},"loc":{"start":{"line":35,"column":22},"end":{"line":37,"column":5}},"line":35}},"branchMap":{},"s":{"0":1,"1":5,"2":5,"3":5,"4":5,"5":5,"6":0,"7":5,"8":5,"9":5,"10":0,"11":1,"12":1},"f":{"0":5,"1":5,"2":5,"3":5,"4":0,"5":5,"6":5,"7":5,"8":0},"b":{},"_coverageSchema":"332fd63041d2c1bcb487cc26dd0d5f7d97098a6c","hash":"cff9422a2983e4419cdd469fa7f226b607aaf291"}
}
