TN:
SF:/Users/Thierry/Workspace/camp2_exercises/03_backend_developement/10_promises/01_node_fetch/product.js
FN:3,getProduct
FN:8,(anonymous_1)
FN:9,(anonymous_2)
FN:17,(anonymous_3)
FN:21,(anonymous_4)
FN:27,searchBrands
FN:32,(anonymous_6)
FN:33,(anonymous_7)
FN:35,(anonymous_8)
FNF:9
FNH:7
FNDA:5,getProduct
FNDA:5,(anonymous_1)
FNDA:5,(anonymous_2)
FNDA:5,(anonymous_3)
FNDA:0,(anonymous_4)
FNDA:5,searchBrands
FNDA:5,(anonymous_6)
FNDA:5,(anonymous_7)
FNDA:0,(anonymous_8)
DA:1,1
DA:4,5
DA:8,5
DA:10,5
DA:18,5
DA:19,5
DA:22,0
DA:28,5
DA:32,5
DA:34,5
DA:36,0
DA:40,1
DA:42,1
LF:13
LH:11
BRF:0
BRH:0
end_of_record
