TN:
SF:/Users/Thierry/Workspace/camp2_exercises/03_backend_developement/10_promises/03_google_places/temperature.js
FN:6,temperatureAt
FN:11,(anonymous_1)
FN:12,(anonymous_2)
FN:15,(anonymous_3)
FN:20,weather
FN:25,(anonymous_5)
FN:26,(anonymous_6)
FNF:7
FNH:6
FNDA:2,temperatureAt
FNDA:2,(anonymous_1)
FNDA:2,(anonymous_2)
FNDA:0,(anonymous_3)
FNDA:2,weather
FNDA:1,(anonymous_5)
FNDA:1,(anonymous_6)
DA:1,1
DA:2,1
DA:4,1
DA:7,2
DA:11,2
DA:13,2
DA:16,0
DA:21,2
DA:25,1
DA:27,1
DA:28,1
DA:29,1
DA:33,1
DA:35,1
LF:14
LH:13
BRF:0
BRH:0
end_of_record
