{"/Users/Thierry/Workspace/camp2_exercises/06_react_redux/01_es6_fundamentals/02_spread_destructuring/02_spread_destructuring.js": {"path":"/Users/Thierry/Workspace/camp2_exercises/06_react_redux/01_es6_fundamentals/02_spread_destructuring/02_spread_destructuring.js","statementMap":{"0":{"start":{"line":2,"column":2},"end":{"line":2,"column":85}},"1":{"start":{"line":4,"column":0},"end":{"line":4,"column":17}},"2":{"start":{"line":16,"column":2},"end":{"line":20,"column":3}},"3":{"start":{"line":17,"column":4},"end":{"line":19,"column":5}},"4":{"start":{"line":18,"column":6},"end":{"line":18,"column":15}},"5":{"start":{"line":21,"column":2},"end":{"line":21,"column":12}},"6":{"start":{"line":24,"column":0},"end":{"line":24,"column":42}},"7":{"start":{"line":40,"column":2},"end":{"line":40,"column":84}},"8":{"start":{"line":42,"column":16},"end":{"line":42,"column":35}},"9":{"start":{"line":43,"column":0},"end":{"line":43,"column":36}},"10":{"start":{"line":44,"column":0},"end":{"line":44,"column":23}},"11":{"start":{"line":55,"column":2},"end":{"line":55,"column":67}},"12":{"start":{"line":57,"column":0},"end":{"line":57,"column":63}},"13":{"start":{"line":64,"column":0},"end":{"line":69,"column":2}}},"fnMap":{"0":{"name":"go","decl":{"start":{"line":1,"column":9},"end":{"line":1,"column":11}},"loc":{"start":{"line":1,"column":57},"end":{"line":3,"column":1}},"line":1},"1":{"name":"lastIndexOf","decl":{"start":{"line":15,"column":9},"end":{"line":15,"column":20}},"loc":{"start":{"line":15,"column":49},"end":{"line":22,"column":1}},"line":15},"2":{"name":"replace","decl":{"start":{"line":39,"column":9},"end":{"line":39,"column":16}},"loc":{"start":{"line":39,"column":27},"end":{"line":41,"column":1}},"line":39},"3":{"name":"copyReplace","decl":{"start":{"line":54,"column":9},"end":{"line":54,"column":20}},"loc":{"start":{"line":54,"column":48},"end":{"line":56,"column":1}},"line":54}},"branchMap":{"0":{"loc":{"start":{"line":1,"column":13},"end":{"line":1,"column":20}},"type":"default-arg","locations":[{"start":{"line":1,"column":19},"end":{"line":1,"column":20}}],"line":1},"1":{"loc":{"start":{"line":1,"column":21},"end":{"line":1,"column":37}},"type":"default-arg","locations":[{"start":{"line":1,"column":32},"end":{"line":1,"column":37}}],"line":1},"2":{"loc":{"start":{"line":1,"column":39},"end":{"line":1,"column":54}},"type":"default-arg","locations":[{"start":{"line":1,"column":50},"end":{"line":1,"column":54}}],"line":1},"3":{"loc":{"start":{"line":15,"column":31},"end":{"line":15,"column":47}},"type":"default-arg","locations":[{"start":{"line":15,"column":37},"end":{"line":15,"column":47}}],"line":15},"4":{"loc":{"start":{"line":17,"column":4},"end":{"line":19,"column":5}},"type":"if","locations":[{"start":{"line":17,"column":4},"end":{"line":19,"column":5}},{"start":{"line":17,"column":4},"end":{"line":19,"column":5}}],"line":17}},"s":{"0":2,"1":1,"2":2,"3":2,"4":2,"5":0,"6":1,"7":2,"8":1,"9":1,"10":1,"11":2,"12":1,"13":1},"f":{"0":2,"1":2,"2":2,"3":2},"b":{"0":[0],"1":[2],"2":[2],"3":[2],"4":[2,0]},"_coverageSchema":"332fd63041d2c1bcb487cc26dd0d5f7d97098a6c","hash":"3a9c39a5aebb42bd6e806571a1e41e0b6ad9fe45"}
}
