{"/Users/Thierry/Workspace/camp2_exercises/03_backend_developement/10_promises/02_open_weather/weather.js": {"path":"/Users/Thierry/Workspace/camp2_exercises/03_backend_developement/10_promises/02_open_weather/weather.js","statementMap":{"0":{"start":{"line":1,"column":14},"end":{"line":1,"column":35}},"1":{"start":{"line":3,"column":20},"end":{"line":3,"column":45}},"2":{"start":{"line":4,"column":9},"end":{"line":4,"column":11}},"3":{"start":{"line":7,"column":2},"end":{"line":19,"column":7}},"4":{"start":{"line":11,"column":24},"end":{"line":11,"column":39}},"5":{"start":{"line":13,"column":6},"end":{"line":13,"column":44}},"6":{"start":{"line":14,"column":19},"end":{"line":14,"column":35}},"7":{"start":{"line":15,"column":6},"end":{"line":15,"column":20}},"8":{"start":{"line":18,"column":6},"end":{"line":18,"column":26}},"9":{"start":{"line":23,"column":2},"end":{"line":39,"column":7}},"10":{"start":{"line":27,"column":24},"end":{"line":27,"column":39}},"11":{"start":{"line":29,"column":27},"end":{"line":29,"column":52}},"12":{"start":{"line":30,"column":6},"end":{"line":30,"column":28}},"13":{"start":{"line":33,"column":29},"end":{"line":33,"column":62}},"14":{"start":{"line":34,"column":6},"end":{"line":34,"column":34}},"15":{"start":{"line":35,"column":6},"end":{"line":35,"column":28}},"16":{"start":{"line":38,"column":6},"end":{"line":38,"column":26}},"17":{"start":{"line":44,"column":21},"end":{"line":52,"column":3}},"18":{"start":{"line":54,"column":15},"end":{"line":54,"column":38}},"19":{"start":{"line":56,"column":4},"end":{"line":64,"column":33}},"20":{"start":{"line":65,"column":2},"end":{"line":65,"column":45}},"21":{"start":{"line":66,"column":2},"end":{"line":66,"column":27}},"22":{"start":{"line":67,"column":2},"end":{"line":67,"column":48}},"23":{"start":{"line":68,"column":2},"end":{"line":68,"column":52}},"24":{"start":{"line":69,"column":2},"end":{"line":69,"column":66}},"25":{"start":{"line":70,"column":2},"end":{"line":70,"column":22}},"26":{"start":{"line":75,"column":2},"end":{"line":81,"column":3}},"27":{"start":{"line":76,"column":4},"end":{"line":76,"column":23}},"28":{"start":{"line":77,"column":4},"end":{"line":77,"column":16}},"29":{"start":{"line":80,"column":4},"end":{"line":80,"column":17}},"30":{"start":{"line":84,"column":0},"end":{"line":84,"column":31}},"31":{"start":{"line":85,"column":0},"end":{"line":85,"column":46}},"32":{"start":{"line":87,"column":0},"end":{"line":90,"column":2}}},"fnMap":{"0":{"name":"weatherByCityName","decl":{"start":{"line":6,"column":9},"end":{"line":6,"column":26}},"loc":{"start":{"line":6,"column":33},"end":{"line":20,"column":1}},"line":6},"1":{"name":"(anonymous_1)","decl":{"start":{"line":11,"column":10},"end":{"line":11,"column":11}},"loc":{"start":{"line":11,"column":24},"end":{"line":11,"column":39}},"line":11},"2":{"name":"(anonymous_2)","decl":{"start":{"line":12,"column":10},"end":{"line":12,"column":11}},"loc":{"start":{"line":12,"column":22},"end":{"line":16,"column":5}},"line":12},"3":{"name":"(anonymous_3)","decl":{"start":{"line":17,"column":11},"end":{"line":17,"column":12}},"loc":{"start":{"line":17,"column":22},"end":{"line":19,"column":5}},"line":17},"4":{"name":"weatherByLatitudeAndLongitude","decl":{"start":{"line":22,"column":9},"end":{"line":22,"column":38}},"loc":{"start":{"line":22,"column":48},"end":{"line":40,"column":1}},"line":22},"5":{"name":"(anonymous_5)","decl":{"start":{"line":27,"column":10},"end":{"line":27,"column":11}},"loc":{"start":{"line":27,"column":24},"end":{"line":27,"column":39}},"line":27},"6":{"name":"(anonymous_6)","decl":{"start":{"line":28,"column":10},"end":{"line":28,"column":11}},"loc":{"start":{"line":28,"column":20},"end":{"line":31,"column":5}},"line":28},"7":{"name":"(anonymous_7)","decl":{"start":{"line":32,"column":10},"end":{"line":32,"column":11}},"loc":{"start":{"line":32,"column":30},"end":{"line":36,"column":5}},"line":32},"8":{"name":"(anonymous_8)","decl":{"start":{"line":37,"column":11},"end":{"line":37,"column":12}},"loc":{"start":{"line":37,"column":22},"end":{"line":39,"column":5}},"line":37},"9":{"name":"returnDate","decl":{"start":{"line":43,"column":9},"end":{"line":43,"column":19}},"loc":{"start":{"line":43,"column":27},"end":{"line":71,"column":1}},"line":43},"10":{"name":"uniqueDate","decl":{"start":{"line":74,"column":9},"end":{"line":74,"column":19}},"loc":{"start":{"line":74,"column":29},"end":{"line":82,"column":1}},"line":74}},"branchMap":{"0":{"loc":{"start":{"line":75,"column":2},"end":{"line":81,"column":3}},"type":"if","locations":[{"start":{"line":75,"column":2},"end":{"line":81,"column":3}},{"start":{"line":75,"column":2},"end":{"line":81,"column":3}}],"line":75}},"s":{"0":1,"1":1,"2":1,"3":2,"4":2,"5":2,"6":2,"7":2,"8":0,"9":2,"10":2,"11":2,"12":2,"13":2,"14":2,"15":2,"16":0,"17":80,"18":80,"19":80,"20":80,"21":80,"22":80,"23":80,"24":80,"25":80,"26":80,"27":12,"28":12,"29":68,"30":1,"31":1,"32":1},"f":{"0":2,"1":2,"2":2,"3":0,"4":2,"5":2,"6":2,"7":2,"8":0,"9":80,"10":80},"b":{"0":[12,68]},"_coverageSchema":"332fd63041d2c1bcb487cc26dd0d5f7d97098a6c","hash":"57037198e97601a165cff36428421a5d8d9e5e23"}
}
