TN:
SF:/Users/Thierry/Workspace/camp2_exercises/03_backend_developement/10_promises/02_open_weather/weather.js
FN:6,weatherByCityName
FN:11,(anonymous_1)
FN:12,(anonymous_2)
FN:17,(anonymous_3)
FN:22,weatherByLatitudeAndLongitude
FN:27,(anonymous_5)
FN:28,(anonymous_6)
FN:32,(anonymous_7)
FN:37,(anonymous_8)
FN:43,returnDate
FN:74,uniqueDate
FNF:11
FNH:9
FNDA:2,weatherByCityName
FNDA:2,(anonymous_1)
FNDA:2,(anonymous_2)
FNDA:0,(anonymous_3)
FNDA:2,weatherByLatitudeAndLongitude
FNDA:2,(anonymous_5)
FNDA:2,(anonymous_6)
FNDA:2,(anonymous_7)
FNDA:0,(anonymous_8)
FNDA:80,returnDate
FNDA:80,uniqueDate
DA:1,1
DA:3,1
DA:4,1
DA:7,2
DA:11,2
DA:13,2
DA:14,2
DA:15,2
DA:18,0
DA:23,2
DA:27,2
DA:29,2
DA:30,2
DA:33,2
DA:34,2
DA:35,2
DA:38,0
DA:44,80
DA:54,80
DA:56,80
DA:65,80
DA:66,80
DA:67,80
DA:68,80
DA:69,80
DA:70,80
DA:75,80
DA:76,12
DA:77,12
DA:80,68
DA:84,1
DA:85,1
DA:87,1
LF:33
LH:31
BRDA:75,0,0,12
BRDA:75,0,1,68
BRF:2
BRH:2
end_of_record
